<?xml version="1.0" encoding="UTF-8"?>
<!-- Generated by org.testng.reporters.JUnitReportReporter -->
<testsuite name="practiveDay01.LaunchChrome" tests="1" time="11.241" ignored="0" failures="0" timestamp="28 九月 2018 10:11:47 GMT" skipped="0" hostname="Hasee-PC" errors="0">
  <testcase name="searchONBaidu" time="11.241" classname="practiveDay01.LaunchChrome"/>
</testsuite> <!-- practiveDay01.LaunchChrome -->
