<?xml version="1.0" encoding="UTF-8"?>
<!-- Generated by org.testng.reporters.JUnitReportReporter -->
<testsuite skipped="0" hostname="Hasee-PC" name="practicetwo.MutipleBrowsersTest" tests="2" failures="0" timestamp="06 十月 2018 03:42:58 GMT" time="17.779" errors="0">
  <testcase name="submodule2" time="7.421" classname="practicetwo.MutipleBrowsersTest"/>
  <testcase name="submodule4" time="10.358" classname="practicetwo.MutipleBrowsersTest"/>
</testsuite> <!-- practicetwo.MutipleBrowsersTest -->
