<?xml version="1.0" encoding="UTF-8"?>
<!-- Generated by org.testng.reporters.JUnitReportReporter -->
<testsuite name="practiveDay01.LaunchIE" tests="1" time="6.092" ignored="0" failures="0" timestamp="28 九月 2018 09:30:54 GMT" skipped="0" hostname="Hasee-PC" errors="0">
  <testcase name="searchONBaidu" time="6.092" classname="practiveDay01.LaunchIE"/>
</testsuite> <!-- practiveDay01.LaunchIE -->
