<?xml version="1.0" encoding="UTF-8"?>
<!-- Generated by org.testng.reporters.JUnitReportReporter -->
<testsuite skipped="0" hostname="Hasee-PC" name="practicetwo.MutipleBrowsersTest" tests="2" failures="0" timestamp="06 十月 2018 02:13:08 GMT" time="22.088" errors="0">
  <testcase name="submodule4" time="11.187" classname="practicetwo.MutipleBrowsersTest"/>
  <testcase name="submodule2" time="10.901" classname="practicetwo.MutipleBrowsersTest"/>
</testsuite> <!-- practicetwo.MutipleBrowsersTest -->
