<?xml version="1.0" encoding="UTF-8"?>
<!-- Generated by org.testng.reporters.JUnitReportReporter -->
<testsuite skipped="0" hostname="Hasee-PC" name="practicetwo.MutipleBrowsersTest" tests="2" failures="0" timestamp="06 十月 2018 02:23:25 GMT" time="32.977" errors="0">
  <testcase name="submodule1" time="14.034" classname="practicetwo.MutipleBrowsersTest"/>
  <testcase name="submodule3" time="18.943" classname="practicetwo.MutipleBrowsersTest"/>
</testsuite> <!-- practicetwo.MutipleBrowsersTest -->
