<?xml version="1.0" encoding="UTF-8"?>
<!-- Generated by org.testng.reporters.JUnitReportReporter -->
<testsuite skipped="0" hostname="Hasee-PC" name="practiveDay01.PractiveDay01Testng" tests="4" failures="0" timestamp="28 九月 2018 14:02:25 GMT" time="0.015" errors="0">
  <testcase name="test4" time="0.002" classname="practiveDay01.PractiveDay01Testng"/>
  <testcase name="test3" time="0.002" classname="practiveDay01.PractiveDay01Testng"/>
  <testcase name="test2" time="0.002" classname="practiveDay01.PractiveDay01Testng"/>
  <testcase name="test1" time="0.009" classname="practiveDay01.PractiveDay01Testng"/>
</testsuite> <!-- practiveDay01.PractiveDay01Testng -->
