<?xml version="1.0" encoding="UTF-8"?>
<!-- Generated by org.testng.reporters.JUnitReportReporter -->
<testsuite name="practiveDay01.LaunchFirefox" tests="2" time="0.001" ignored="0" failures="0" timestamp="28 九月 2018 11:19:29 GMT" skipped="1" hostname="Hasee-PC" errors="1">
  <testcase name="searchONBaidu" time="0.001" classname="practiveDay01.LaunchFirefox">
    <skipped/>
  </testcase> <!-- searchONBaidu -->
  <testcase name="startFF" time="0.000" classname="practiveDay01.LaunchFirefox">
    <error type="org.openqa.selenium.WebDriverException" message="Failed to connect to binary FirefoxBinary(C:\Program Files\Mozilla Firefox\firefox.exe) on port 7055; process output follows: 
googlecode.com&quot;:{&quot;d&quot;:&quot;C:\\Users\\ADMINI~1\\AppData\\Local\\Temp\\anonymous4778572318482010928webdriver-profile\\extensions\\fxdriver@googlecode.com&quot;,&quot;e&quot;:false,&quot;v&quot;:&quot;2.45.0&quot;,&quot;st&quot;:1538133519696,&quot;mt&quot;:1538133519675}},&quot;app-system-defaults&quot;:{&quot;e10srollout@mozilla.org&quot;:{&quot;d&quot;:&quot;C:\\Program Files\\Mozilla Firefox\\browser\\features\\e10srollout@mozilla.org.xpi&quot;,&quot;e&quot;:true,&quot;v&quot;:&quot;1.1&quot;,&quot;st&quot;:1472031924551},&quot;firefox@getpocket.com&quot;:{&quot;d&quot;:&quot;C:\\Program Files\\Mozilla Firefox\\browser\\features\\firefox@getpocket.com.xpi&quot;,&quot;e&quot;:true,&quot;v&quot;:&quot;1.0.4&quot;,&quot;st&quot;:1472031924588},&quot;loop@mozilla.org&quot;:{&quot;d&quot;:&quot;C:\\Program Files\\Mozilla Firefox\\browser\\features\\loop@mozilla.org.xpi&quot;,&quot;e&quot;:true,&quot;v&quot;:&quot;1.4.4&quot;,&quot;st&quot;:1472031924719}},&quot;app-global&quot;:{&quot;{972ce4c6-7e08-4474-a285-3208198ce6fd}&quot;:{&quot;d&quot;:&quot;C:\\Program Files\\Mozilla Firefox\\browser\\extensions\\{972ce4c6-7e08-4474-a285-3208198ce6fd}.xpi&quot;,&quot;e&quot;:true,&quot;v&quot;:&quot;48.0.2&quot;,&quot;st&quot;:1472031924550}}}
1538133524791	addons.xpi	DEBUG	No changes found
1538133524797	addons.xpi	DEBUG	Registering manifest for C:\Program Files\Mozilla Firefox\browser\features\e10srollout@mozilla.org.xpi
1538133524798	addons.xpi	DEBUG	Loading bootstrap scope from C:\Program Files\Mozilla Firefox\browser\features\e10srollout@mozilla.org.xpi
1538133524809	addons.xpi	DEBUG	Calling bootstrap method startup on e10srollout@mozilla.org version 1.1
1538133524810	addons.xpi	DEBUG	Registering manifest for C:\Program Files\Mozilla Firefox\browser\features\firefox@getpocket.com.xpi
1538133524810	addons.xpi	DEBUG	Loading bootstrap scope from C:\Program Files\Mozilla Firefox\browser\features\firefox@getpocket.com.xpi
1538133524814	addons.xpi	DEBUG	Calling bootstrap method startup on firefox@getpocket.com version 1.0.4
1538133524819	addons.xpi-utils	DEBUG	Starting async load of XPI database C:\Users\ADMINI~1\AppData\Local\Temp\anonymous4778572318482010928webdriver-profile\extensions.json
1538133524820	addons.xpi	DEBUG	Registering manifest for C:\Program Files\Mozilla Firefox\browser\features\loop@mozilla.org.xpi
1538133524820	addons.xpi	DEBUG	Loading bootstrap scope from C:\Program Files\Mozilla Firefox\browser\features\loop@mozilla.org.xpi
1538133524825	addons.xpi	DEBUG	Calling bootstrap method startup on loop@mozilla.org version 1.4.4
1538133524842	addons.manager	DEBUG	Registering shutdown blocker for XPIProvider
1538133524842	addons.manager	DEBUG	Provider finished startup: XPIProvider
1538133524842	addons.manager	DEBUG	Starting provider: LightweightThemeManager
1538133524842	addons.manager	DEBUG	Registering shutdown blocker for LightweightThemeManager
1538133524843	addons.manager	DEBUG	Provider finished startup: LightweightThemeManager
1538133524843	addons.manager	DEBUG	Starting provider: GMPProvider
1538133524849	addons.manager	DEBUG	Registering shutdown blocker for GMPProvider
1538133524850	addons.manager	DEBUG	Provider finished startup: GMPProvider
1538133524850	addons.manager	DEBUG	Starting provider: PluginProvider
1538133524850	addons.manager	DEBUG	Registering shutdown blocker for PluginProvider
1538133524850	addons.manager	DEBUG	Provider finished startup: PluginProvider
1538133524851	addons.manager	DEBUG	Completed startup sequence
1538133525329	addons.xpi-utils	DEBUG	Async JSON file read took 0 MS
1538133525329	addons.xpi-utils	DEBUG	Finished async read of XPI database, parsing...
1538133525331	addons.xpi-utils	DEBUG	Successfully read XPI database
1538133525339	addons.manager	DEBUG	Starting provider: &lt;unnamed-provider&gt;
1538133525339	addons.manager	DEBUG	Registering shutdown blocker for &lt;unnamed-provider&gt;
1538133525339	addons.manager	DEBUG	Provider finished startup: &lt;unnamed-provider&gt;
*** Blocklist::_loadBlocklistFromFile: blocklist is disabled
1538133525420	addons.manager	DEBUG	Starting provider: PreviousExperimentProvider
1538133525420	addons.manager	DEBUG	Registering shutdown blocker for PreviousExperimentProvider
1538133525420	addons.manager	DEBUG	Provider finished startup: PreviousExperimentProvider
JavaScript error: , line 0: NetworkError: A network error occurred.
JavaScript error: , line 0: NetworkError: A network error occurred.

Build info: version: &#039;2.45.0&#039;, revision: &#039;32a636c&#039;, time: &#039;2015-03-05 22:01:35&#039;
System info: host: &#039;Hasee-PC&#039;, ip: &#039;192.168.1.4&#039;, os.name: &#039;Windows 7&#039;, os.arch: &#039;amd64&#039;, os.version: &#039;6.1&#039;, java.version: &#039;1.8.0_181&#039;
Driver info: driver.version: FirefoxDriver">
      <![CDATA[org.openqa.selenium.WebDriverException: Failed to connect to binary FirefoxBinary(C:\Program Files\Mozilla Firefox\firefox.exe) on port 7055; process output follows: 
googlecode.com":{"d":"C:\\Users\\ADMINI~1\\AppData\\Local\\Temp\\anonymous4778572318482010928webdriver-profile\\extensions\\fxdriver@googlecode.com","e":false,"v":"2.45.0","st":1538133519696,"mt":1538133519675}},"app-system-defaults":{"e10srollout@mozilla.org":{"d":"C:\\Program Files\\Mozilla Firefox\\browser\\features\\e10srollout@mozilla.org.xpi","e":true,"v":"1.1","st":1472031924551},"firefox@getpocket.com":{"d":"C:\\Program Files\\Mozilla Firefox\\browser\\features\\firefox@getpocket.com.xpi","e":true,"v":"1.0.4","st":1472031924588},"loop@mozilla.org":{"d":"C:\\Program Files\\Mozilla Firefox\\browser\\features\\loop@mozilla.org.xpi","e":true,"v":"1.4.4","st":1472031924719}},"app-global":{"{972ce4c6-7e08-4474-a285-3208198ce6fd}":{"d":"C:\\Program Files\\Mozilla Firefox\\browser\\extensions\\{972ce4c6-7e08-4474-a285-3208198ce6fd}.xpi","e":true,"v":"48.0.2","st":1472031924550}}}
1538133524791	addons.xpi	DEBUG	No changes found
1538133524797	addons.xpi	DEBUG	Registering manifest for C:\Program Files\Mozilla Firefox\browser\features\e10srollout@mozilla.org.xpi
1538133524798	addons.xpi	DEBUG	Loading bootstrap scope from C:\Program Files\Mozilla Firefox\browser\features\e10srollout@mozilla.org.xpi
1538133524809	addons.xpi	DEBUG	Calling bootstrap method startup on e10srollout@mozilla.org version 1.1
1538133524810	addons.xpi	DEBUG	Registering manifest for C:\Program Files\Mozilla Firefox\browser\features\firefox@getpocket.com.xpi
1538133524810	addons.xpi	DEBUG	Loading bootstrap scope from C:\Program Files\Mozilla Firefox\browser\features\firefox@getpocket.com.xpi
1538133524814	addons.xpi	DEBUG	Calling bootstrap method startup on firefox@getpocket.com version 1.0.4
1538133524819	addons.xpi-utils	DEBUG	Starting async load of XPI database C:\Users\ADMINI~1\AppData\Local\Temp\anonymous4778572318482010928webdriver-profile\extensions.json
1538133524820	addons.xpi	DEBUG	Registering manifest for C:\Program Files\Mozilla Firefox\browser\features\loop@mozilla.org.xpi
1538133524820	addons.xpi	DEBUG	Loading bootstrap scope from C:\Program Files\Mozilla Firefox\browser\features\loop@mozilla.org.xpi
1538133524825	addons.xpi	DEBUG	Calling bootstrap method startup on loop@mozilla.org version 1.4.4
1538133524842	addons.manager	DEBUG	Registering shutdown blocker for XPIProvider
1538133524842	addons.manager	DEBUG	Provider finished startup: XPIProvider
1538133524842	addons.manager	DEBUG	Starting provider: LightweightThemeManager
1538133524842	addons.manager	DEBUG	Registering shutdown blocker for LightweightThemeManager
1538133524843	addons.manager	DEBUG	Provider finished startup: LightweightThemeManager
1538133524843	addons.manager	DEBUG	Starting provider: GMPProvider
1538133524849	addons.manager	DEBUG	Registering shutdown blocker for GMPProvider
1538133524850	addons.manager	DEBUG	Provider finished startup: GMPProvider
1538133524850	addons.manager	DEBUG	Starting provider: PluginProvider
1538133524850	addons.manager	DEBUG	Registering shutdown blocker for PluginProvider
1538133524850	addons.manager	DEBUG	Provider finished startup: PluginProvider
1538133524851	addons.manager	DEBUG	Completed startup sequence
1538133525329	addons.xpi-utils	DEBUG	Async JSON file read took 0 MS
1538133525329	addons.xpi-utils	DEBUG	Finished async read of XPI database, parsing...
1538133525331	addons.xpi-utils	DEBUG	Successfully read XPI database
1538133525339	addons.manager	DEBUG	Starting provider: <unnamed-provider>
1538133525339	addons.manager	DEBUG	Registering shutdown blocker for <unnamed-provider>
1538133525339	addons.manager	DEBUG	Provider finished startup: <unnamed-provider>
*** Blocklist::_loadBlocklistFromFile: blocklist is disabled
1538133525420	addons.manager	DEBUG	Starting provider: PreviousExperimentProvider
1538133525420	addons.manager	DEBUG	Registering shutdown blocker for PreviousExperimentProvider
1538133525420	addons.manager	DEBUG	Provider finished startup: PreviousExperimentProvider
JavaScript error: , line 0: NetworkError: A network error occurred.
JavaScript error: , line 0: NetworkError: A network error occurred.

Build info: version: '2.45.0', revision: '32a636c', time: '2015-03-05 22:01:35'
System info: host: 'Hasee-PC', ip: '192.168.1.4', os.name: 'Windows 7', os.arch: 'amd64', os.version: '6.1', java.version: '1.8.0_181'
Driver info: driver.version: FirefoxDriver
	at org.openqa.selenium.firefox.internal.NewProfileExtensionConnection.start(NewProfileExtensionConnection.java:130)
	at org.openqa.selenium.firefox.FirefoxDriver.startClient(FirefoxDriver.java:246)
	at org.openqa.selenium.remote.RemoteWebDriver.<init>(RemoteWebDriver.java:114)
	at org.openqa.selenium.firefox.FirefoxDriver.<init>(FirefoxDriver.java:193)
	at org.openqa.selenium.firefox.FirefoxDriver.<init>(FirefoxDriver.java:186)
	at org.openqa.selenium.firefox.FirefoxDriver.<init>(FirefoxDriver.java:182)
	at org.openqa.selenium.firefox.FirefoxDriver.<init>(FirefoxDriver.java:99)
	at practiveDay01.LaunchFirefox.startFF(LaunchFirefox.java:39)
	at sun.reflect.NativeMethodAccessorImpl.invoke0(Native Method)
	at sun.reflect.NativeMethodAccessorImpl.invoke(Unknown Source)
	at sun.reflect.DelegatingMethodAccessorImpl.invoke(Unknown Source)
	at java.lang.reflect.Method.invoke(Unknown Source)
	at org.testng.internal.MethodInvocationHelper.invokeMethod(MethodInvocationHelper.java:104)
	at org.testng.internal.Invoker.invokeConfigurationMethod(Invoker.java:515)
	at org.testng.internal.Invoker.invokeConfigurations(Invoker.java:217)
	at org.testng.internal.Invoker.invokeConfigurations(Invoker.java:144)
	at org.testng.internal.TestMethodWorker.invokeBeforeClassMethods(TestMethodWorker.java:169)
	at org.testng.internal.TestMethodWorker.run(TestMethodWorker.java:108)
	at org.testng.TestRunner.privateRun(TestRunner.java:756)
	at org.testng.TestRunner.run(TestRunner.java:610)
	at org.testng.SuiteRunner.runTest(SuiteRunner.java:387)
	at org.testng.SuiteRunner.runSequentially(SuiteRunner.java:382)
	at org.testng.SuiteRunner.privateRun(SuiteRunner.java:340)
	at org.testng.SuiteRunner.run(SuiteRunner.java:289)
	at org.testng.SuiteRunnerWorker.runSuite(SuiteRunnerWorker.java:52)
	at org.testng.SuiteRunnerWorker.run(SuiteRunnerWorker.java:86)
	at org.testng.TestNG.runSuitesSequentially(TestNG.java:1293)
	at org.testng.TestNG.runSuitesLocally(TestNG.java:1218)
	at org.testng.TestNG.runSuites(TestNG.java:1133)
	at org.testng.TestNG.run(TestNG.java:1104)
	at org.testng.remote.AbstractRemoteTestNG.run(AbstractRemoteTestNG.java:132)
	at org.testng.remote.RemoteTestNG.initAndRun(RemoteTestNG.java:236)
	at org.testng.remote.RemoteTestNG.main(RemoteTestNG.java:81)
Caused by: org.openqa.selenium.firefox.NotConnectedException: Unable to connect to host 127.0.0.1 on port 7055 after 45000 ms. Firefox console output:
googlecode.com":{"d":"C:\\Users\\ADMINI~1\\AppData\\Local\\Temp\\anonymous4778572318482010928webdriver-profile\\extensions\\fxdriver@googlecode.com","e":false,"v":"2.45.0","st":1538133519696,"mt":1538133519675}},"app-system-defaults":{"e10srollout@mozilla.org":{"d":"C:\\Program Files\\Mozilla Firefox\\browser\\features\\e10srollout@mozilla.org.xpi","e":true,"v":"1.1","st":1472031924551},"firefox@getpocket.com":{"d":"C:\\Program Files\\Mozilla Firefox\\browser\\features\\firefox@getpocket.com.xpi","e":true,"v":"1.0.4","st":1472031924588},"loop@mozilla.org":{"d":"C:\\Program Files\\Mozilla Firefox\\browser\\features\\loop@mozilla.org.xpi","e":true,"v":"1.4.4","st":1472031924719}},"app-global":{"{972ce4c6-7e08-4474-a285-3208198ce6fd}":{"d":"C:\\Program Files\\Mozilla Firefox\\browser\\extensions\\{972ce4c6-7e08-4474-a285-3208198ce6fd}.xpi","e":true,"v":"48.0.2","st":1472031924550}}}
1538133524791	addons.xpi	DEBUG	No changes found
1538133524797	addons.xpi	DEBUG	Registering manifest for C:\Program Files\Mozilla Firefox\browser\features\e10srollout@mozilla.org.xpi
1538133524798	addons.xpi	DEBUG	Loading bootstrap scope from C:\Program Files\Mozilla Firefox\browser\features\e10srollout@mozilla.org.xpi
1538133524809	addons.xpi	DEBUG	Calling bootstrap method startup on e10srollout@mozilla.org version 1.1
1538133524810	addons.xpi	DEBUG	Registering manifest for C:\Program Files\Mozilla Firefox\browser\features\firefox@getpocket.com.xpi
1538133524810	addons.xpi	DEBUG	Loading bootstrap scope from C:\Program Files\Mozilla Firefox\browser\features\firefox@getpocket.com.xpi
1538133524814	addons.xpi	DEBUG	Calling bootstrap method startup on firefox@getpocket.com version 1.0.4
1538133524819	addons.xpi-utils	DEBUG	Starting async load of XPI database C:\Users\ADMINI~1\AppData\Local\Temp\anonymous4778572318482010928webdriver-profile\extensions.json
1538133524820	addons.xpi	DEBUG	Registering manifest for C:\Program Files\Mozilla Firefox\browser\features\loop@mozilla.org.xpi
1538133524820	addons.xpi	DEBUG	Loading bootstrap scope from C:\Program Files\Mozilla Firefox\browser\features\loop@mozilla.org.xpi
1538133524825	addons.xpi	DEBUG	Calling bootstrap method startup on loop@mozilla.org version 1.4.4
1538133524842	addons.manager	DEBUG	Registering shutdown blocker for XPIProvider
1538133524842	addons.manager	DEBUG	Provider finished startup: XPIProvider
1538133524842	addons.manager	DEBUG	Starting provider: LightweightThemeManager
1538133524842	addons.manager	DEBUG	Registering shutdown blocker for LightweightThemeManager
1538133524843	addons.manager	DEBUG	Provider finished startup: LightweightThemeManager
1538133524843	addons.manager	DEBUG	Starting provider: GMPProvider
1538133524849	addons.manager	DEBUG	Registering shutdown blocker for GMPProvider
1538133524850	addons.manager	DEBUG	Provider finished startup: GMPProvider
1538133524850	addons.manager	DEBUG	Starting provider: PluginProvider
1538133524850	addons.manager	DEBUG	Registering shutdown blocker for PluginProvider
1538133524850	addons.manager	DEBUG	Provider finished startup: PluginProvider
1538133524851	addons.manager	DEBUG	Completed startup sequence
1538133525329	addons.xpi-utils	DEBUG	Async JSON file read took 0 MS
1538133525329	addons.xpi-utils	DEBUG	Finished async read of XPI database, parsing...
1538133525331	addons.xpi-utils	DEBUG	Successfully read XPI database
1538133525339	addons.manager	DEBUG	Starting provider: <unnamed-provider>
1538133525339	addons.manager	DEBUG	Registering shutdown blocker for <unnamed-provider>
1538133525339	addons.manager	DEBUG	Provider finished startup: <unnamed-provider>
*** Blocklist::_loadBlocklistFromFile: blocklist is disabled
1538133525420	addons.manager	DEBUG	Starting provider: PreviousExperimentProvider
1538133525420	addons.manager	DEBUG	Registering shutdown blocker for PreviousExperimentProvider
1538133525420	addons.manager	DEBUG	Provider finished startup: PreviousExperimentProvider
JavaScript error: , line 0: NetworkError: A network error occurred.
JavaScript error: , line 0: NetworkError: A network error occurred.

	at org.openqa.selenium.firefox.internal.NewProfileExtensionConnection.start(NewProfileExtensionConnection.java:118)
	... 32 more
]]>
    </error>
  </testcase> <!-- startFF -->
</testsuite> <!-- practiveDay01.LaunchFirefox -->
