<?xml version="1.0" encoding="UTF-8"?>
<!-- Generated by org.testng.reporters.JUnitReportReporter -->
<testsuite name="practiveDay01.IE" tests="1" time="7.022" ignored="0" failures="0" timestamp="28 九月 2018 13:35:59 GMT" skipped="0" hostname="Hasee-PC" errors="0">
  <testcase name="searchONBaidu" time="7.022" classname="practiveDay01.IE"/>
</testsuite> <!-- practiveDay01.IE -->
